;  LST file generated by mikroListExporter - v.2.0 
; Date/Time: 7/30/2023 11:20:20 PM
;----------------------------------------------

;Address Opcode 	ASM
0x0000	0x2A3F      	GOTO       575
_interrupt:
0x0004	0x00FF      	MOVWF      R15
0x0005	0x0E03      	SWAPF      STATUS, 0
0x0006	0x0183      	CLRF       STATUS
0x0007	0x00D9      	MOVWF      ___saveSTATUS
0x0008	0x080A      	MOVF       PCLATH, 0
0x0009	0x00D8      	MOVWF      ___savePCLATH
0x000A	0x018A      	CLRF       PCLATH
0x000B	0x0870      	MOVF       R0, 0
0x000C	0x00A0      	MOVWF      32
;MyProject.c,19 :: 		void interrupt(){
;MyProject.c,20 :: 		if(intf_bit == 1){
0x000D	0x1C8B      	BTFSS      INTF_bit, BitPos(INTF_bit+0)
0x000E	0x2817      	GOTO       L_interrupt0
;MyProject.c,21 :: 		intf_bit = 0;
0x000F	0x108B      	BCF        INTF_bit, BitPos(INTF_bit+0)
;MyProject.c,22 :: 		if(counter == 10){counter = -1;}
0x0010	0x0821      	MOVF       _counter, 0
0x0011	0x3A0A      	XORLW      10
0x0012	0x1D03      	BTFSS      STATUS, 2
0x0013	0x2816      	GOTO       L_interrupt1
0x0014	0x30FF      	MOVLW      255
0x0015	0x00A1      	MOVWF      _counter
L_interrupt1:
;MyProject.c,23 :: 		counter++;}}
0x0016	0x0AA1      	INCF       _counter, 1
L_interrupt0:
L_end_interrupt:
L__interrupt47:
0x0017	0x0820      	MOVF       32, 0
0x0018	0x00F0      	MOVWF      R0
0x0019	0x0858      	MOVF       ___savePCLATH, 0
0x001A	0x008A      	MOVWF      PCLATH
0x001B	0x0E59      	SWAPF      ___saveSTATUS, 0
0x001C	0x0083      	MOVWF      STATUS
0x001D	0x0EFF      	SWAPF      R15, 1
0x001E	0x0E7F      	SWAPF      R15, 0
0x001F	0x0009      	RETFIE
; end of _interrupt
_Div_8X8_S:
;__Lib_Math.c,606 :: 		
;__Lib_Math.c,614 :: 		
0x0020	0x1283      	BCF        STATUS, 5
;__Lib_Math.c,615 :: 		
0x0021	0x1303      	BCF        STATUS, 6
;__Lib_Math.c,616 :: 		
0x0022	0x01FD      	CLRF       R13
;__Lib_Math.c,617 :: 		
0x0023	0x01F8      	CLRF       R8
;__Lib_Math.c,618 :: 		
0x0024	0x0870      	MOVF       R0, 0
;__Lib_Math.c,619 :: 		
0x0025	0x1903      	BTFSC      STATUS, 2
;__Lib_Math.c,620 :: 		
0x0026	0x3400      	RETLW      0
;__Lib_Math.c,621 :: 		
0x0027	0x0674      	XORWF      R4, 0
;__Lib_Math.c,622 :: 		
0x0028	0x00FA      	MOVWF      R10
;__Lib_Math.c,623 :: 		
0x0029	0x1BFA      	BTFSC      R10, 7
;__Lib_Math.c,624 :: 		
0x002A	0x09FD      	COMF       R13, 1
;__Lib_Math.c,625 :: 		
0x002B	0x01FB      	CLRF       R11
;__Lib_Math.c,626 :: 		
0x002C	0x1FF4      	BTFSS      R4, 7
;__Lib_Math.c,627 :: 		
0x002D	0x2830      	GOTO       $+3
;__Lib_Math.c,628 :: 		
0x002E	0x09F4      	COMF       R4, 1
;__Lib_Math.c,629 :: 		
0x002F	0x0AF4      	INCF       R4, 1
;__Lib_Math.c,630 :: 		
0x0030	0x1FF0      	BTFSS      R0, 7
;__Lib_Math.c,631 :: 		
0x0031	0x2834      	GOTO       $+3
;__Lib_Math.c,632 :: 		
0x0032	0x09F0      	COMF       R0, 1
;__Lib_Math.c,633 :: 		
0x0033	0x0AF0      	INCF       R0, 1
;__Lib_Math.c,634 :: 		
0x0034	0x0870      	MOVF       R0, 0
;__Lib_Math.c,635 :: 		
0x0035	0x0474      	IORWF      R4, 0
;__Lib_Math.c,636 :: 		
0x0036	0x00FA      	MOVWF      R10
;__Lib_Math.c,637 :: 		
0x0037	0x1BFA      	BTFSC      R10, 7
;__Lib_Math.c,638 :: 		
0x0038	0x2858      	GOTO       $+32
;__Lib_Math.c,639 :: 		
0x0039	0x0874      	MOVF       R4, 0
;__Lib_Math.c,640 :: 		
0x003A	0x02F8      	SUBWF      R8, 1
;__Lib_Math.c,641 :: 		
0x003B	0x0DF0      	RLF        R0, 1
;__Lib_Math.c,642 :: 		
0x003C	0x0D70      	RLF        R0, 0
;__Lib_Math.c,643 :: 		
0x003D	0x0DF8      	RLF        R8, 1
;__Lib_Math.c,644 :: 		
0x003E	0x0874      	MOVF       R4, 0
;__Lib_Math.c,645 :: 		
0x003F	0x07F8      	ADDWF      R8, 1
;__Lib_Math.c,646 :: 		
0x0040	0x0DF0      	RLF        R0, 1
;__Lib_Math.c,647 :: 		
0x0041	0x3006      	MOVLW      6
;__Lib_Math.c,648 :: 		
0x0042	0x00FC      	MOVWF      R12
;__Lib_Math.c,649 :: 		
0x0043	0x0D70      	RLF        R0, 0
;__Lib_Math.c,650 :: 		
0x0044	0x0DF8      	RLF        R8, 1
;__Lib_Math.c,651 :: 		
0x0045	0x0874      	MOVF       R4, 0
;__Lib_Math.c,652 :: 		
0x0046	0x1870      	BTFSC      R0, 0
;__Lib_Math.c,653 :: 		
0x0047	0x02F8      	SUBWF      R8, 1
;__Lib_Math.c,654 :: 		
0x0048	0x1C70      	BTFSS      R0, 0
;__Lib_Math.c,655 :: 		
0x0049	0x07F8      	ADDWF      R8, 1
;__Lib_Math.c,656 :: 		
0x004A	0x0DF0      	RLF        R0, 1
;__Lib_Math.c,657 :: 		
0x004B	0x0BFC      	DECFSZ     R12, 1
;__Lib_Math.c,658 :: 		
0x004C	0x2843      	GOTO       $-9
;__Lib_Math.c,659 :: 		
0x004D	0x1C70      	BTFSS      R0, 0
;__Lib_Math.c,660 :: 		
0x004E	0x07F8      	ADDWF      R8, 1
;__Lib_Math.c,661 :: 		
0x004F	0x187B      	BTFSC      R11, 0
;__Lib_Math.c,662 :: 		
0x0050	0x2866      	GOTO       $+22
;__Lib_Math.c,663 :: 		
0x0051	0x1FFD      	BTFSS      R13, 7
;__Lib_Math.c,664 :: 		
0x0052	0x3400      	RETLW      0
;__Lib_Math.c,665 :: 		
0x0053	0x09F0      	COMF       R0, 1
;__Lib_Math.c,666 :: 		
0x0054	0x0AF0      	INCF       R0, 1
;__Lib_Math.c,667 :: 		
0x0055	0x09F8      	COMF       R8, 1
;__Lib_Math.c,668 :: 		
0x0056	0x0AF8      	INCF       R8, 1
;__Lib_Math.c,669 :: 		
0x0057	0x3400      	RETLW      0
;__Lib_Math.c,670 :: 		
0x0058	0x1FF4      	BTFSS      R4, 7
;__Lib_Math.c,671 :: 		
0x0059	0x2863      	GOTO       $+10
;__Lib_Math.c,672 :: 		
0x005A	0x1BF0      	BTFSC      R0, 7
;__Lib_Math.c,673 :: 		
0x005B	0x2860      	GOTO       $+5
;__Lib_Math.c,674 :: 		
0x005C	0x0870      	MOVF       R0, 0
;__Lib_Math.c,675 :: 		
0x005D	0x00F8      	MOVWF      R8
;__Lib_Math.c,676 :: 		
0x005E	0x01F0      	CLRF       R0
;__Lib_Math.c,677 :: 		
0x005F	0x2851      	GOTO       $-14
;__Lib_Math.c,678 :: 		
0x0060	0x01F0      	CLRF       R0
;__Lib_Math.c,679 :: 		
0x0061	0x0AF0      	INCF       R0, 1
;__Lib_Math.c,680 :: 		
0x0062	0x3400      	RETLW      0
;__Lib_Math.c,681 :: 		
0x0063	0x09F0      	COMF       R0, 1
;__Lib_Math.c,682 :: 		
0x0064	0x0AFB      	INCF       R11, 1
;__Lib_Math.c,683 :: 		
0x0065	0x2839      	GOTO       $-44
;__Lib_Math.c,684 :: 		
0x0066	0x0AF8      	INCF       R8, 1
;__Lib_Math.c,685 :: 		
0x0067	0x0874      	MOVF       R4, 0
;__Lib_Math.c,686 :: 		
0x0068	0x0278      	SUBWF      R8, 0
;__Lib_Math.c,687 :: 		
0x0069	0x1D03      	BTFSS      STATUS, 2
;__Lib_Math.c,688 :: 		
0x006A	0x2851      	GOTO       $-25
;__Lib_Math.c,689 :: 		
0x006B	0x01F8      	CLRF       R8
;__Lib_Math.c,690 :: 		
0x006C	0x0AF0      	INCF       R0, 1
;__Lib_Math.c,691 :: 		
0x006D	0x1FF0      	BTFSS      R0, 7
;__Lib_Math.c,692 :: 		
0x006E	0x2851      	GOTO       $-29
;__Lib_Math.c,693 :: 		
0x006F	0x34FF      	RETLW      255
;__Lib_Math.c,695 :: 		
L_end_Div_8X8_S:
0x0070	0x0008      	RETURN
; end of _Div_8X8_S
_____DoICP:
;__Lib_System.c,6 :: 		
;__Lib_System.c,9 :: 		
0x0071	0x1283      	BCF        STATUS, 5
0x0072	0x1303      	BCF        STATUS, 6
0x0073	0x0855      	MOVF       ___DoICPAddr+1, 0
0x0074	0x008A      	MOVWF      PCLATH
;__Lib_System.c,10 :: 		
0x0075	0x0854      	MOVF       ___DoICPAddr, 0
0x0076	0x0082      	MOVWF      PCL
;__Lib_System.c,12 :: 		
L_end_____DoICP:
0x0077	0x0008      	RETURN
; end of _____DoICP
_manual:
;MyProject.c,69 :: 		void manual(){
;MyProject.c,70 :: 		portd = 0;
0x0078	0x1283      	BCF        STATUS, 5
0x0079	0x1303      	BCF        STATUS, 6
0x007A	0x0188      	CLRF       PORTD
;MyProject.c,71 :: 		while(1)
L_manual28:
;MyProject.c,73 :: 		for(i=0;i<3;i++)
0x007B	0x01D6      	CLRF       _i
0x007C	0x01D7      	CLRF       _i+1
L_manual30:
0x007D	0x3080      	MOVLW      128
0x007E	0x0657      	XORWF      _i+1, 0
0x007F	0x00F0      	MOVWF      R0
0x0080	0x3080      	MOVLW      128
0x0081	0x0270      	SUBWF      R0, 0
0x0082	0x1D03      	BTFSS      STATUS, 2
0x0083	0x2886      	GOTO       L__manual67
0x0084	0x3003      	MOVLW      3
0x0085	0x0256      	SUBWF      _i, 0
L__manual67:
0x0086	0x1803      	BTFSC      STATUS, 0
0x0087	0x28BF      	GOTO       L_manual31
;MyProject.c,74 :: 		{     if(counter%2 == 1) return;
0x0088	0x3002      	MOVLW      2
0x0089	0x00F4      	MOVWF      R4
0x008A	0x0821      	MOVF       _counter, 0
0x008B	0x00F0      	MOVWF      R0
0x008C	0x2020      	CALL       _Div_8X8_S
0x008D	0x0878      	MOVF       R8, 0
0x008E	0x00F0      	MOVWF      R0
0x008F	0x0870      	MOVF       R0, 0
0x0090	0x3A01      	XORLW      1
0x0091	0x1D03      	BTFSS      STATUS, 2
0x0092	0x2894      	GOTO       L_manual33
0x0093	0x2928      	GOTO       L_end_manual
L_manual33:
;MyProject.c,75 :: 		on1 = 1;
0x0094	0x1588      	BSF        PORTD, 3
;MyProject.c,76 :: 		portc = arr[i];
0x0095	0x0856      	MOVF       _i, 0
0x0096	0x00F0      	MOVWF      R0
0x0097	0x0857      	MOVF       _i+1, 0
0x0098	0x00F1      	MOVWF      R0+1
0x0099	0x0DF0      	RLF        R0, 1
0x009A	0x0DF1      	RLF        R0+1, 1
0x009B	0x1070      	BCF        R0, 0
0x009C	0x0870      	MOVF       R0, 0
0x009D	0x3E22      	ADDLW      _arr
0x009E	0x0084      	MOVWF      FSR
0x009F	0x0800      	MOVF       INDF, 0
0x00A0	0x0087      	MOVWF      PORTC
;MyProject.c,77 :: 		gre1 = red2 = 0;yel1 = gre2 = 1;
0x00A1	0x1308      	BCF        PORTD, 6
0x00A2	0x1B08      	BTFSC      PORTD, 6
0x00A3	0x28A6      	GOTO       L__manual68
0x00A4	0x1008      	BCF        PORTD, 0
0x00A5	0x28A7      	GOTO       L__manual69
L__manual68:
0x00A6	0x1408      	BSF        PORTD, 0
L__manual69:
0x00A7	0x1608      	BSF        PORTD, 4
0x00A8	0x1A08      	BTFSC      PORTD, 4
0x00A9	0x28AC      	GOTO       L__manual70
0x00AA	0x1088      	BCF        PORTD, 1
0x00AB	0x28AD      	GOTO       L__manual71
L__manual70:
0x00AC	0x1488      	BSF        PORTD, 1
L__manual71:
;MyProject.c,78 :: 		delay_ms(1000);
0x00AD	0x300B      	MOVLW      11
0x00AE	0x00FB      	MOVWF      R11
0x00AF	0x3026      	MOVLW      38
0x00B0	0x00FC      	MOVWF      R12
0x00B1	0x305D      	MOVLW      93
0x00B2	0x00FD      	MOVWF      R13
L_manual34:
0x00B3	0x0BFD      	DECFSZ     R13, 1
0x00B4	0x28B3      	GOTO       L_manual34
0x00B5	0x0BFC      	DECFSZ     R12, 1
0x00B6	0x28B3      	GOTO       L_manual34
0x00B7	0x0BFB      	DECFSZ     R11, 1
0x00B8	0x28B3      	GOTO       L_manual34
0x00B9	0x0000      	NOP
0x00BA	0x0000      	NOP
;MyProject.c,73 :: 		for(i=0;i<3;i++)
0x00BB	0x0AD6      	INCF       _i, 1
0x00BC	0x1903      	BTFSC      STATUS, 2
0x00BD	0x0AD7      	INCF       _i+1, 1
;MyProject.c,79 :: 		}     on1 = 0;
0x00BE	0x287D      	GOTO       L_manual30
L_manual31:
0x00BF	0x1188      	BCF        PORTD, 3
;MyProject.c,80 :: 		yel1 = 0;red1 =1;
0x00C0	0x1088      	BCF        PORTD, 1
0x00C1	0x1508      	BSF        PORTD, 2
;MyProject.c,81 :: 		while(manmode!=1){if(counter%2 == 1) return;};
L_manual35:
0x00C2	0x1886      	BTFSC      PORTB, 1
0x00C3	0x28D1      	GOTO       L_manual36
0x00C4	0x3002      	MOVLW      2
0x00C5	0x00F4      	MOVWF      R4
0x00C6	0x0821      	MOVF       _counter, 0
0x00C7	0x00F0      	MOVWF      R0
0x00C8	0x2020      	CALL       _Div_8X8_S
0x00C9	0x0878      	MOVF       R8, 0
0x00CA	0x00F0      	MOVWF      R0
0x00CB	0x0870      	MOVF       R0, 0
0x00CC	0x3A01      	XORLW      1
0x00CD	0x1D03      	BTFSS      STATUS, 2
0x00CE	0x28D0      	GOTO       L_manual37
0x00CF	0x2928      	GOTO       L_end_manual
L_manual37:
0x00D0	0x28C2      	GOTO       L_manual35
L_manual36:
;MyProject.c,82 :: 		for(i=0;i<3;i++)
0x00D1	0x01D6      	CLRF       _i
0x00D2	0x01D7      	CLRF       _i+1
L_manual38:
0x00D3	0x3080      	MOVLW      128
0x00D4	0x0657      	XORWF      _i+1, 0
0x00D5	0x00F0      	MOVWF      R0
0x00D6	0x3080      	MOVLW      128
0x00D7	0x0270      	SUBWF      R0, 0
0x00D8	0x1D03      	BTFSS      STATUS, 2
0x00D9	0x28DC      	GOTO       L__manual72
0x00DA	0x3003      	MOVLW      3
0x00DB	0x0256      	SUBWF      _i, 0
L__manual72:
0x00DC	0x1803      	BTFSC      STATUS, 0
0x00DD	0x2915      	GOTO       L_manual39
;MyProject.c,83 :: 		{    if(counter%2 == 1) return;
0x00DE	0x3002      	MOVLW      2
0x00DF	0x00F4      	MOVWF      R4
0x00E0	0x0821      	MOVF       _counter, 0
0x00E1	0x00F0      	MOVWF      R0
0x00E2	0x2020      	CALL       _Div_8X8_S
0x00E3	0x0878      	MOVF       R8, 0
0x00E4	0x00F0      	MOVWF      R0
0x00E5	0x0870      	MOVF       R0, 0
0x00E6	0x3A01      	XORLW      1
0x00E7	0x1D03      	BTFSS      STATUS, 2
0x00E8	0x28EA      	GOTO       L_manual41
0x00E9	0x2928      	GOTO       L_end_manual
L_manual41:
;MyProject.c,84 :: 		on2 = 1;
0x00EA	0x1788      	BSF        PORTD, 7
;MyProject.c,85 :: 		portc = arr[i];
0x00EB	0x0856      	MOVF       _i, 0
0x00EC	0x00F0      	MOVWF      R0
0x00ED	0x0857      	MOVF       _i+1, 0
0x00EE	0x00F1      	MOVWF      R0+1
0x00EF	0x0DF0      	RLF        R0, 1
0x00F0	0x0DF1      	RLF        R0+1, 1
0x00F1	0x1070      	BCF        R0, 0
0x00F2	0x0870      	MOVF       R0, 0
0x00F3	0x3E22      	ADDLW      _arr
0x00F4	0x0084      	MOVWF      FSR
0x00F5	0x0800      	MOVF       INDF, 0
0x00F6	0x0087      	MOVWF      PORTC
;MyProject.c,86 :: 		gre2 = red1 = 0;yel2 = gre1 = 1;
0x00F7	0x1108      	BCF        PORTD, 2
0x00F8	0x1908      	BTFSC      PORTD, 2
0x00F9	0x28FC      	GOTO       L__manual73
0x00FA	0x1208      	BCF        PORTD, 4
0x00FB	0x28FD      	GOTO       L__manual74
L__manual73:
0x00FC	0x1608      	BSF        PORTD, 4
L__manual74:
0x00FD	0x1408      	BSF        PORTD, 0
0x00FE	0x1808      	BTFSC      PORTD, 0
0x00FF	0x2902      	GOTO       L__manual75
0x0100	0x1288      	BCF        PORTD, 5
0x0101	0x2903      	GOTO       L__manual76
L__manual75:
0x0102	0x1688      	BSF        PORTD, 5
L__manual76:
;MyProject.c,87 :: 		delay_ms(1000);
0x0103	0x300B      	MOVLW      11
0x0104	0x00FB      	MOVWF      R11
0x0105	0x3026      	MOVLW      38
0x0106	0x00FC      	MOVWF      R12
0x0107	0x305D      	MOVLW      93
0x0108	0x00FD      	MOVWF      R13
L_manual42:
0x0109	0x0BFD      	DECFSZ     R13, 1
0x010A	0x2909      	GOTO       L_manual42
0x010B	0x0BFC      	DECFSZ     R12, 1
0x010C	0x2909      	GOTO       L_manual42
0x010D	0x0BFB      	DECFSZ     R11, 1
0x010E	0x2909      	GOTO       L_manual42
0x010F	0x0000      	NOP
0x0110	0x0000      	NOP
;MyProject.c,82 :: 		for(i=0;i<3;i++)
0x0111	0x0AD6      	INCF       _i, 1
0x0112	0x1903      	BTFSC      STATUS, 2
0x0113	0x0AD7      	INCF       _i+1, 1
;MyProject.c,88 :: 		}    on2 = 0;
0x0114	0x28D3      	GOTO       L_manual38
L_manual39:
0x0115	0x1388      	BCF        PORTD, 7
;MyProject.c,89 :: 		yel2 = 0;red2 = 1;
0x0116	0x1288      	BCF        PORTD, 5
0x0117	0x1708      	BSF        PORTD, 6
;MyProject.c,90 :: 		while(manmode!=1){if(counter%2 == 1) return;};
L_manual43:
0x0118	0x1886      	BTFSC      PORTB, 1
0x0119	0x2927      	GOTO       L_manual44
0x011A	0x3002      	MOVLW      2
0x011B	0x00F4      	MOVWF      R4
0x011C	0x0821      	MOVF       _counter, 0
0x011D	0x00F0      	MOVWF      R0
0x011E	0x2020      	CALL       _Div_8X8_S
0x011F	0x0878      	MOVF       R8, 0
0x0120	0x00F0      	MOVWF      R0
0x0121	0x0870      	MOVF       R0, 0
0x0122	0x3A01      	XORLW      1
0x0123	0x1D03      	BTFSS      STATUS, 2
0x0124	0x2926      	GOTO       L_manual45
0x0125	0x2928      	GOTO       L_end_manual
L_manual45:
0x0126	0x2918      	GOTO       L_manual43
L_manual44:
;MyProject.c,91 :: 		}
0x0127	0x287B      	GOTO       L_manual28
;MyProject.c,92 :: 		}
L_end_manual:
0x0128	0x0008      	RETURN
; end of _manual
___CC2DW:
;__Lib_System.c,134 :: 		
;__Lib_System.c,137 :: 		
_CC2D_Loop1:
;__Lib_System.c,139 :: 		
0x0129	0x2071      	CALL       _____DoICP
0x012A	0x118A      	BCF        PCLATH, 3
0x012B	0x120A      	BCF        PCLATH, 4
;__Lib_System.c,141 :: 		
0x012C	0x0080      	MOVWF      INDF
;__Lib_System.c,142 :: 		
0x012D	0x0A84      	INCF       FSR, 1
;__Lib_System.c,143 :: 		
0x012E	0x0AD4      	INCF       ___DoICPAddr, 1
;__Lib_System.c,145 :: 		
0x012F	0x1903      	BTFSC      STATUS, 2
;__Lib_System.c,146 :: 		
0x0130	0x0AD5      	INCF       ___DoICPAddr+1, 1
;__Lib_System.c,147 :: 		
0x0131	0x03F0      	DECF       R0, 1
;__Lib_System.c,149 :: 		
0x0132	0x1D03      	BTFSS      STATUS, 2
;__Lib_System.c,150 :: 		
0x0133	0x2929      	GOTO       _CC2D_Loop1
;__Lib_System.c,152 :: 		
L_end___CC2DW:
0x0134	0x0008      	RETURN
; end of ___CC2DW
_automatic:
;MyProject.c,36 :: 		void automatic(){
;MyProject.c,37 :: 		portd = 0;
0x0135	0x1283      	BCF        STATUS, 5
0x0136	0x1303      	BCF        STATUS, 6
0x0137	0x0188      	CLRF       PORTD
;MyProject.c,38 :: 		on1  = on2 = 1;
0x0138	0x1788      	BSF        PORTD, 7
0x0139	0x1B88      	BTFSC      PORTD, 7
0x013A	0x293D      	GOTO       L__automatic52
0x013B	0x1188      	BCF        PORTD, 3
0x013C	0x293E      	GOTO       L__automatic53
L__automatic52:
0x013D	0x1588      	BSF        PORTD, 3
L__automatic53:
;MyProject.c,39 :: 		while(1){
L_automatic6:
;MyProject.c,40 :: 		for(i=0;i<20;i++){
0x013E	0x01D6      	CLRF       _i
0x013F	0x01D7      	CLRF       _i+1
L_automatic8:
0x0140	0x3080      	MOVLW      128
0x0141	0x0657      	XORWF      _i+1, 0
0x0142	0x00F0      	MOVWF      R0
0x0143	0x3080      	MOVLW      128
0x0144	0x0270      	SUBWF      R0, 0
0x0145	0x1D03      	BTFSS      STATUS, 2
0x0146	0x2949      	GOTO       L__automatic54
0x0147	0x3014      	MOVLW      20
0x0148	0x0256      	SUBWF      _i, 0
L__automatic54:
0x0149	0x1803      	BTFSC      STATUS, 0
0x014A	0x297B      	GOTO       L_automatic9
;MyProject.c,41 :: 		if(counter%2 == 0) return;
0x014B	0x3002      	MOVLW      2
0x014C	0x00F4      	MOVWF      R4
0x014D	0x0821      	MOVF       _counter, 0
0x014E	0x00F0      	MOVWF      R0
0x014F	0x2020      	CALL       _Div_8X8_S
0x0150	0x0878      	MOVF       R8, 0
0x0151	0x00F0      	MOVWF      R0
0x0152	0x0870      	MOVF       R0, 0
0x0153	0x3A00      	XORLW      0
0x0154	0x1D03      	BTFSS      STATUS, 2
0x0155	0x2957      	GOTO       L_automatic11
0x0156	0x2A3E      	GOTO       L_end_automatic
L_automatic11:
;MyProject.c,42 :: 		portc = arr[i];
0x0157	0x0856      	MOVF       _i, 0
0x0158	0x00F0      	MOVWF      R0
0x0159	0x0857      	MOVF       _i+1, 0
0x015A	0x00F1      	MOVWF      R0+1
0x015B	0x0DF0      	RLF        R0, 1
0x015C	0x0DF1      	RLF        R0+1, 1
0x015D	0x1070      	BCF        R0, 0
0x015E	0x0870      	MOVF       R0, 0
0x015F	0x3E22      	ADDLW      _arr
0x0160	0x0084      	MOVWF      FSR
0x0161	0x0800      	MOVF       INDF, 0
0x0162	0x0087      	MOVWF      PORTC
;MyProject.c,43 :: 		gre1 = red2 = 1;
0x0163	0x1708      	BSF        PORTD, 6
0x0164	0x1B08      	BTFSC      PORTD, 6
0x0165	0x2968      	GOTO       L__automatic55
0x0166	0x1008      	BCF        PORTD, 0
0x0167	0x2969      	GOTO       L__automatic56
L__automatic55:
0x0168	0x1408      	BSF        PORTD, 0
L__automatic56:
;MyProject.c,44 :: 		delay_ms(1000);
0x0169	0x300B      	MOVLW      11
0x016A	0x00FB      	MOVWF      R11
0x016B	0x3026      	MOVLW      38
0x016C	0x00FC      	MOVWF      R12
0x016D	0x305D      	MOVLW      93
0x016E	0x00FD      	MOVWF      R13
L_automatic12:
0x016F	0x0BFD      	DECFSZ     R13, 1
0x0170	0x296F      	GOTO       L_automatic12
0x0171	0x0BFC      	DECFSZ     R12, 1
0x0172	0x296F      	GOTO       L_automatic12
0x0173	0x0BFB      	DECFSZ     R11, 1
0x0174	0x296F      	GOTO       L_automatic12
0x0175	0x0000      	NOP
0x0176	0x0000      	NOP
;MyProject.c,40 :: 		for(i=0;i<20;i++){
0x0177	0x0AD6      	INCF       _i, 1
0x0178	0x1903      	BTFSC      STATUS, 2
0x0179	0x0AD7      	INCF       _i+1, 1
;MyProject.c,45 :: 		}
0x017A	0x2940      	GOTO       L_automatic8
L_automatic9:
;MyProject.c,46 :: 		portc = 0;
0x017B	0x0187      	CLRF       PORTC
;MyProject.c,47 :: 		for(i=1;i<4;i++){
0x017C	0x3001      	MOVLW      1
0x017D	0x00D6      	MOVWF      _i
0x017E	0x3000      	MOVLW      0
0x017F	0x00D7      	MOVWF      _i+1
L_automatic13:
0x0180	0x3080      	MOVLW      128
0x0181	0x0657      	XORWF      _i+1, 0
0x0182	0x00F0      	MOVWF      R0
0x0183	0x3080      	MOVLW      128
0x0184	0x0270      	SUBWF      R0, 0
0x0185	0x1D03      	BTFSS      STATUS, 2
0x0186	0x2989      	GOTO       L__automatic57
0x0187	0x3004      	MOVLW      4
0x0188	0x0256      	SUBWF      _i, 0
L__automatic57:
0x0189	0x1803      	BTFSC      STATUS, 0
0x018A	0x29B7      	GOTO       L_automatic14
;MyProject.c,48 :: 		if(counter%2 == 0) return;
0x018B	0x3002      	MOVLW      2
0x018C	0x00F4      	MOVWF      R4
0x018D	0x0821      	MOVF       _counter, 0
0x018E	0x00F0      	MOVWF      R0
0x018F	0x2020      	CALL       _Div_8X8_S
0x0190	0x0878      	MOVF       R8, 0
0x0191	0x00F0      	MOVWF      R0
0x0192	0x0870      	MOVF       R0, 0
0x0193	0x3A00      	XORLW      0
0x0194	0x1D03      	BTFSS      STATUS, 2
0x0195	0x2997      	GOTO       L_automatic16
0x0196	0x2A3E      	GOTO       L_end_automatic
L_automatic16:
;MyProject.c,49 :: 		gre1 = 0;yel1 = 1;
0x0197	0x1008      	BCF        PORTD, 0
0x0198	0x1488      	BSF        PORTD, 1
;MyProject.c,50 :: 		delay_ms(1000);
0x0199	0x300B      	MOVLW      11
0x019A	0x00FB      	MOVWF      R11
0x019B	0x3026      	MOVLW      38
0x019C	0x00FC      	MOVWF      R12
0x019D	0x305D      	MOVLW      93
0x019E	0x00FD      	MOVWF      R13
L_automatic17:
0x019F	0x0BFD      	DECFSZ     R13, 1
0x01A0	0x299F      	GOTO       L_automatic17
0x01A1	0x0BFC      	DECFSZ     R12, 1
0x01A2	0x299F      	GOTO       L_automatic17
0x01A3	0x0BFB      	DECFSZ     R11, 1
0x01A4	0x299F      	GOTO       L_automatic17
0x01A5	0x0000      	NOP
0x01A6	0x0000      	NOP
;MyProject.c,51 :: 		portc = arr[i];
0x01A7	0x0856      	MOVF       _i, 0
0x01A8	0x00F0      	MOVWF      R0
0x01A9	0x0857      	MOVF       _i+1, 0
0x01AA	0x00F1      	MOVWF      R0+1
0x01AB	0x0DF0      	RLF        R0, 1
0x01AC	0x0DF1      	RLF        R0+1, 1
0x01AD	0x1070      	BCF        R0, 0
0x01AE	0x0870      	MOVF       R0, 0
0x01AF	0x3E22      	ADDLW      _arr
0x01B0	0x0084      	MOVWF      FSR
0x01B1	0x0800      	MOVF       INDF, 0
0x01B2	0x0087      	MOVWF      PORTC
;MyProject.c,47 :: 		for(i=1;i<4;i++){
0x01B3	0x0AD6      	INCF       _i, 1
0x01B4	0x1903      	BTFSC      STATUS, 2
0x01B5	0x0AD7      	INCF       _i+1, 1
;MyProject.c,52 :: 		}
0x01B6	0x2980      	GOTO       L_automatic13
L_automatic14:
;MyProject.c,53 :: 		portc = 0;
0x01B7	0x0187      	CLRF       PORTC
;MyProject.c,54 :: 		for(i=0;i<12;i++){
0x01B8	0x01D6      	CLRF       _i
0x01B9	0x01D7      	CLRF       _i+1
L_automatic18:
0x01BA	0x3080      	MOVLW      128
0x01BB	0x0657      	XORWF      _i+1, 0
0x01BC	0x00F0      	MOVWF      R0
0x01BD	0x3080      	MOVLW      128
0x01BE	0x0270      	SUBWF      R0, 0
0x01BF	0x1D03      	BTFSS      STATUS, 2
0x01C0	0x29C3      	GOTO       L__automatic58
0x01C1	0x300C      	MOVLW      12
0x01C2	0x0256      	SUBWF      _i, 0
L__automatic58:
0x01C3	0x1803      	BTFSC      STATUS, 0
0x01C4	0x29FB      	GOTO       L_automatic19
;MyProject.c,55 :: 		if(counter%2 == 0) return;
0x01C5	0x3002      	MOVLW      2
0x01C6	0x00F4      	MOVWF      R4
0x01C7	0x0821      	MOVF       _counter, 0
0x01C8	0x00F0      	MOVWF      R0
0x01C9	0x2020      	CALL       _Div_8X8_S
0x01CA	0x0878      	MOVF       R8, 0
0x01CB	0x00F0      	MOVWF      R0
0x01CC	0x0870      	MOVF       R0, 0
0x01CD	0x3A00      	XORLW      0
0x01CE	0x1D03      	BTFSS      STATUS, 2
0x01CF	0x29D1      	GOTO       L_automatic21
0x01D0	0x2A3E      	GOTO       L_end_automatic
L_automatic21:
;MyProject.c,56 :: 		red2 = yel1 = 0;red1 = gre2 = 1;
0x01D1	0x1088      	BCF        PORTD, 1
0x01D2	0x1888      	BTFSC      PORTD, 1
0x01D3	0x29D6      	GOTO       L__automatic59
0x01D4	0x1308      	BCF        PORTD, 6
0x01D5	0x29D7      	GOTO       L__automatic60
L__automatic59:
0x01D6	0x1708      	BSF        PORTD, 6
L__automatic60:
0x01D7	0x1608      	BSF        PORTD, 4
0x01D8	0x1A08      	BTFSC      PORTD, 4
0x01D9	0x29DC      	GOTO       L__automatic61
0x01DA	0x1108      	BCF        PORTD, 2
0x01DB	0x29DD      	GOTO       L__automatic62
L__automatic61:
0x01DC	0x1508      	BSF        PORTD, 2
L__automatic62:
;MyProject.c,57 :: 		portc = arr[i];
0x01DD	0x0856      	MOVF       _i, 0
0x01DE	0x00F0      	MOVWF      R0
0x01DF	0x0857      	MOVF       _i+1, 0
0x01E0	0x00F1      	MOVWF      R0+1
0x01E1	0x0DF0      	RLF        R0, 1
0x01E2	0x0DF1      	RLF        R0+1, 1
0x01E3	0x1070      	BCF        R0, 0
0x01E4	0x0870      	MOVF       R0, 0
0x01E5	0x3E22      	ADDLW      _arr
0x01E6	0x0084      	MOVWF      FSR
0x01E7	0x0800      	MOVF       INDF, 0
0x01E8	0x0087      	MOVWF      PORTC
;MyProject.c,58 :: 		delay_ms(1000);
0x01E9	0x300B      	MOVLW      11
0x01EA	0x00FB      	MOVWF      R11
0x01EB	0x3026      	MOVLW      38
0x01EC	0x00FC      	MOVWF      R12
0x01ED	0x305D      	MOVLW      93
0x01EE	0x00FD      	MOVWF      R13
L_automatic22:
0x01EF	0x0BFD      	DECFSZ     R13, 1
0x01F0	0x29EF      	GOTO       L_automatic22
0x01F1	0x0BFC      	DECFSZ     R12, 1
0x01F2	0x29EF      	GOTO       L_automatic22
0x01F3	0x0BFB      	DECFSZ     R11, 1
0x01F4	0x29EF      	GOTO       L_automatic22
0x01F5	0x0000      	NOP
0x01F6	0x0000      	NOP
;MyProject.c,54 :: 		for(i=0;i<12;i++){
0x01F7	0x0AD6      	INCF       _i, 1
0x01F8	0x1903      	BTFSC      STATUS, 2
0x01F9	0x0AD7      	INCF       _i+1, 1
;MyProject.c,59 :: 		}
0x01FA	0x29BA      	GOTO       L_automatic18
L_automatic19:
;MyProject.c,60 :: 		portc = 0;
0x01FB	0x0187      	CLRF       PORTC
;MyProject.c,61 :: 		yel2 = 1;gre2 = 0;
0x01FC	0x1688      	BSF        PORTD, 5
0x01FD	0x1208      	BCF        PORTD, 4
;MyProject.c,62 :: 		for(i=1;i<4;i++){
0x01FE	0x3001      	MOVLW      1
0x01FF	0x00D6      	MOVWF      _i
0x0200	0x3000      	MOVLW      0
0x0201	0x00D7      	MOVWF      _i+1
L_automatic23:
0x0202	0x3080      	MOVLW      128
0x0203	0x0657      	XORWF      _i+1, 0
0x0204	0x00F0      	MOVWF      R0
0x0205	0x3080      	MOVLW      128
0x0206	0x0270      	SUBWF      R0, 0
0x0207	0x1D03      	BTFSS      STATUS, 2
0x0208	0x2A0B      	GOTO       L__automatic63
0x0209	0x3004      	MOVLW      4
0x020A	0x0256      	SUBWF      _i, 0
L__automatic63:
0x020B	0x1803      	BTFSC      STATUS, 0
0x020C	0x2A37      	GOTO       L_automatic24
;MyProject.c,63 :: 		if(counter%2 == 0) return;
0x020D	0x3002      	MOVLW      2
0x020E	0x00F4      	MOVWF      R4
0x020F	0x0821      	MOVF       _counter, 0
0x0210	0x00F0      	MOVWF      R0
0x0211	0x2020      	CALL       _Div_8X8_S
0x0212	0x0878      	MOVF       R8, 0
0x0213	0x00F0      	MOVWF      R0
0x0214	0x0870      	MOVF       R0, 0
0x0215	0x3A00      	XORLW      0
0x0216	0x1D03      	BTFSS      STATUS, 2
0x0217	0x2A19      	GOTO       L_automatic26
0x0218	0x2A3E      	GOTO       L_end_automatic
L_automatic26:
;MyProject.c,64 :: 		delay_ms(1000);
0x0219	0x300B      	MOVLW      11
0x021A	0x00FB      	MOVWF      R11
0x021B	0x3026      	MOVLW      38
0x021C	0x00FC      	MOVWF      R12
0x021D	0x305D      	MOVLW      93
0x021E	0x00FD      	MOVWF      R13
L_automatic27:
0x021F	0x0BFD      	DECFSZ     R13, 1
0x0220	0x2A1F      	GOTO       L_automatic27
0x0221	0x0BFC      	DECFSZ     R12, 1
0x0222	0x2A1F      	GOTO       L_automatic27
0x0223	0x0BFB      	DECFSZ     R11, 1
0x0224	0x2A1F      	GOTO       L_automatic27
0x0225	0x0000      	NOP
0x0226	0x0000      	NOP
;MyProject.c,65 :: 		portc = arr[i];
0x0227	0x0856      	MOVF       _i, 0
0x0228	0x00F0      	MOVWF      R0
0x0229	0x0857      	MOVF       _i+1, 0
0x022A	0x00F1      	MOVWF      R0+1
0x022B	0x0DF0      	RLF        R0, 1
0x022C	0x0DF1      	RLF        R0+1, 1
0x022D	0x1070      	BCF        R0, 0
0x022E	0x0870      	MOVF       R0, 0
0x022F	0x3E22      	ADDLW      _arr
0x0230	0x0084      	MOVWF      FSR
0x0231	0x0800      	MOVF       INDF, 0
0x0232	0x0087      	MOVWF      PORTC
;MyProject.c,62 :: 		for(i=1;i<4;i++){
0x0233	0x0AD6      	INCF       _i, 1
0x0234	0x1903      	BTFSC      STATUS, 2
0x0235	0x0AD7      	INCF       _i+1, 1
;MyProject.c,66 :: 		}
0x0236	0x2A02      	GOTO       L_automatic23
L_automatic24:
;MyProject.c,67 :: 		yel2 = red1 = 0;
0x0237	0x1108      	BCF        PORTD, 2
0x0238	0x1908      	BTFSC      PORTD, 2
0x0239	0x2A3C      	GOTO       L__automatic64
0x023A	0x1288      	BCF        PORTD, 5
0x023B	0x2A3D      	GOTO       L__automatic65
L__automatic64:
0x023C	0x1688      	BSF        PORTD, 5
L__automatic65:
;MyProject.c,68 :: 		}}
0x023D	0x293E      	GOTO       L_automatic6
L_end_automatic:
0x023E	0x0008      	RETURN
; end of _automatic
_main:
0x023F	0x2298      	CALL       664
;MyProject.c,24 :: 		void main() {
;MyProject.c,25 :: 		gie_bit = 1;
0x0240	0x178B      	BSF        GIE_bit, BitPos(GIE_bit+0)
;MyProject.c,26 :: 		inte_bit = 1;
0x0241	0x160B      	BSF        INTE_bit, BitPos(INTE_bit+0)
;MyProject.c,27 :: 		intedg_bit = 1;
0x0242	0x1683      	BSF        STATUS, 5
0x0243	0x1303      	BCF        STATUS, 6
0x0244	0x1701      	BSF        INTEDG_bit, BitPos(INTEDG_bit+0)
;MyProject.c,28 :: 		trisd = 0;trisb.b0 = trisb.b1 = 1;trisc = 0;
0x0245	0x0188      	CLRF       TRISD
0x0246	0x1486      	BSF        TRISB, 1
0x0247	0x1886      	BTFSC      TRISB, 1
0x0248	0x2A4B      	GOTO       L__main49
0x0249	0x1006      	BCF        TRISB, 0
0x024A	0x2A4C      	GOTO       L__main50
L__main49:
0x024B	0x1406      	BSF        TRISB, 0
L__main50:
0x024C	0x0187      	CLRF       TRISC
;MyProject.c,29 :: 		portd = 0b00000000; portc = 0;
0x024D	0x1283      	BCF        STATUS, 5
0x024E	0x0188      	CLRF       PORTD
0x024F	0x0187      	CLRF       PORTC
;MyProject.c,30 :: 		while(1){
L_main2:
;MyProject.c,31 :: 		if(!(counter%2 == 0)){
0x0250	0x3002      	MOVLW      2
0x0251	0x00F4      	MOVWF      R4
0x0252	0x0821      	MOVF       _counter, 0
0x0253	0x00F0      	MOVWF      R0
0x0254	0x2020      	CALL       _Div_8X8_S
0x0255	0x0878      	MOVF       R8, 0
0x0256	0x00F0      	MOVWF      R0
0x0257	0x0870      	MOVF       R0, 0
0x0258	0x3A00      	XORLW      0
0x0259	0x1903      	BTFSC      STATUS, 2
0x025A	0x2A5D      	GOTO       L_main4
;MyProject.c,32 :: 		automatic();
0x025B	0x2135      	CALL       _automatic
;MyProject.c,33 :: 		}else{
0x025C	0x2A5E      	GOTO       L_main5
L_main4:
;MyProject.c,34 :: 		manual();}}
0x025D	0x2078      	CALL       _manual
L_main5:
0x025E	0x2A50      	GOTO       L_main2
;MyProject.c,35 :: 		}
L_end_main:
0x025F	0x2A5F      	GOTO       $+0
; end of _main
0x0298	0x3021      	MOVLW      33
0x0299	0x0084      	MOVWF      FSR
0x029A	0x3033      	MOVLW      51
0x029B	0x1283      	BCF        STATUS, 5
0x029C	0x1303      	BCF        STATUS, 6
0x029D	0x00F0      	MOVWF      R0
0x029E	0x3065      	MOVLW      101
0x029F	0x00D4      	MOVWF      ___DoICPAddr
0x02A0	0x3002      	MOVLW      2
0x02A1	0x00D5      	MOVWF      85
0x02A2	0x2129      	CALL       297
0x02A3	0x0008      	RETURN
;MyProject.c,0 :: ?ICS_counter
0x0265	0x3401 ;?ICS_counter+0
; end of ?ICS_counter
;MyProject.c,0 :: ?ICS_arr
0x0266	0x3400 ;?ICS_arr+0
0x0267	0x3400 ;?ICS_arr+1
0x0268	0x3401 ;?ICS_arr+2
0x0269	0x3400 ;?ICS_arr+3
0x026A	0x3402 ;?ICS_arr+4
0x026B	0x3400 ;?ICS_arr+5
0x026C	0x3403 ;?ICS_arr+6
0x026D	0x3400 ;?ICS_arr+7
0x026E	0x3404 ;?ICS_arr+8
0x026F	0x3400 ;?ICS_arr+9
0x0270	0x3405 ;?ICS_arr+10
0x0271	0x3400 ;?ICS_arr+11
0x0272	0x3406 ;?ICS_arr+12
0x0273	0x3400 ;?ICS_arr+13
0x0274	0x3407 ;?ICS_arr+14
0x0275	0x3400 ;?ICS_arr+15
0x0276	0x3408 ;?ICS_arr+16
0x0277	0x3400 ;?ICS_arr+17
0x0278	0x3409 ;?ICS_arr+18
0x0279	0x3400 ;?ICS_arr+19
0x027A	0x3410 ;?ICS_arr+20
0x027B	0x3400 ;?ICS_arr+21
0x027C	0x3411 ;?ICS_arr+22
0x027D	0x3400 ;?ICS_arr+23
0x027E	0x3412 ;?ICS_arr+24
0x027F	0x3400 ;?ICS_arr+25
0x0280	0x3413 ;?ICS_arr+26
0x0281	0x3400 ;?ICS_arr+27
0x0282	0x3414 ;?ICS_arr+28
0x0283	0x3400 ;?ICS_arr+29
0x0284	0x3415 ;?ICS_arr+30
0x0285	0x3400 ;?ICS_arr+31
0x0286	0x3416 ;?ICS_arr+32
0x0287	0x3400 ;?ICS_arr+33
0x0288	0x3417 ;?ICS_arr+34
0x0289	0x3400 ;?ICS_arr+35
0x028A	0x3418 ;?ICS_arr+36
0x028B	0x3400 ;?ICS_arr+37
0x028C	0x3419 ;?ICS_arr+38
0x028D	0x3400 ;?ICS_arr+39
0x028E	0x3420 ;?ICS_arr+40
0x028F	0x3400 ;?ICS_arr+41
0x0290	0x3421 ;?ICS_arr+42
0x0291	0x3400 ;?ICS_arr+43
0x0292	0x3422 ;?ICS_arr+44
0x0293	0x3400 ;?ICS_arr+45
0x0294	0x3400 ;?ICS_arr+46
0x0295	0x3400 ;?ICS_arr+47
0x0296	0x3400 ;?ICS_arr+48
0x0297	0x3400 ;?ICS_arr+49
; end of ?ICS_arr
Symbol List:
//** Routines locations **
//ADDRESS    SIZE    PROCEDURE
//----------------------------------------------
0x0004      [28]    _interrupt
0x0020      [81]    _Div_8X8_S
0x0071       [7]    _____DoICP
0x0078     [177]    _manual
0x0129      [12]    ___CC2DW
0x0135     [266]    _automatic
0x023F      [32]    _main
//** Variables locations ** 
//ADDRESS    SIZE    VARIABLE
//----------------------------------------------
0x0000       [1]    INDF
0x0002       [1]    PCL
0x0003       [1]    STATUS
0x0004       [1]    FSR
0x0006       [1]    PORTB
0x0007       [1]    PORTC
0x0008       [1]    PORTD
0x000A       [1]    PCLATH
0x000B       [0]    GIE_bit
0x000B       [0]    INTF_bit
0x000B       [0]    INTE_bit
0x0021       [1]    _counter
0x0022      [50]    _arr
0x0054       [2]    ___DoICPAddr
0x0056       [2]    _i
0x0058       [1]    ___savePCLATH
0x0059       [1]    ___saveSTATUS
0x0070       [1]    R0
0x0071       [1]    R1
0x0072       [1]    R2
0x0073       [1]    R3
0x0074       [1]    R4
0x0075       [1]    R5
0x0076       [1]    R6
0x0077       [1]    R7
0x0078       [1]    R8
0x0079       [1]    R9
0x007A       [1]    R10
0x007B       [1]    R11
0x007C       [1]    R12
0x007D       [1]    R13
0x007E       [1]    R14
0x007F       [1]    R15
0x0081       [0]    INTEDG_bit
0x0086       [1]    TRISB
0x0087       [1]    TRISC
0x0088       [1]    TRISD
//** Constants locations ** 
//ADDRESS    SIZE    CONSTANT
//----------------------------------------------
0x0265       [1]    ?ICS_counter
0x0266      [50]    ?ICS_arr
//** Label List: ** 
//----------------------------------------------
  L_interrupt0
  L_interrupt1
  L_main2
  L_main3
  L_main4
  L_main5
  L_automatic6
  L_automatic7
  L_automatic8
  L_automatic9
  L_automatic10
  L_automatic11
  L_automatic12
  L_automatic13
  L_automatic14
  L_automatic15
  L_automatic16
  L_automatic17
  L_automatic18
  L_automatic19
  L_automatic20
  L_automatic21
  L_automatic22
  L_automatic23
  L_automatic24
  L_automatic25
  L_automatic26
  L_automatic27
  L_manual28
  L_manual29
  L_manual30
  L_manual31
  L_manual32
  L_manual33
  L_manual34
  L_manual35
  L_manual36
  L_manual37
  L_manual38
  L_manual39
  L_manual40
  L_manual41
  L_manual42
  L_manual43
  L_manual44
  L_manual45
  L_end_interrupt
  _interrupt
  L__interrupt47
  L_end_main
  _main
  L__main49
  L__main50
  L_end_automatic
  _automatic
  L__automatic52
  L__automatic53
  L__automatic54
  L__automatic55
  L__automatic56
  L__automatic57
  L__automatic58
  L__automatic59
  L__automatic60
  L__automatic61
  L__automatic62
  L__automatic63
  L__automatic64
  L__automatic65
  L_end_manual
  _manual
  L__manual67
  L__manual68
  L__manual69
  L__manual70
  L__manual71
  L__manual72
  L__manual73
  L__manual74
  L__manual75
  L__manual76
  L_Div_16x16_S0
  L_Div_16x16_S1
  LOOPS3232A
  SADD22LA
  SOK22LA
  SADD22L8
  SOK22L8
  LOOPS3232B
  SADD22LB
  SOK22LB
  SADD22L16
  SOK22L16
  LOOPS3232C
  SADD22LC
  SOK22LC
  SADD22L24
  SOK22L24
  LOOPS3232D
  SADD22LD
  SOK22LD
  SOK22L
  L_Div_32x32_S6
  L_Div_32x32_S7
  L_Div_32x32_S8
  L_Div_32x32_S9
  FXD3232S
  END_ALL
  CA3232S
  C3232SX
  C3232SX1
  C3232S
  C3232S2
  C3232SX4
  C3232SOK
  C3232SX3
  C3232SX2
  avoid_comfrem
  LOOPU3232A
  UADD22LA
  UOK22LA
  UADD22L8
  UOK22L8
  LOOPU3232B
  UADD22LB
  UOK22LB
  UADD22L16
  UOK22L16
  LOOPU3232C
  UADD22LC
  UOK22LC
  UADD22L24
  UOK22L24
  LOOPU3232D
  UADD22LD
  UOK22LD
  UOK22L
  _NEXT
  _EXIT2
  _LOOP
  _EXIT1
  _IF_FIRST
  _IF_SECOND
  _INVERCE_FIRST
  _MULT
  _INBERSE_SECOND
  _EXIT
  L_end_Mul_8X8_U
  _Mul_8X8_U
  L_end_Mul_16X16_U
  _Mul_16X16_U
  L_end_Div_8X8_U
  _Div_8X8_U
  L_end_Div_16X16_U
  _Div_16X16_U
  L_end_Mul_8X8_S
  _Mul_8X8_S
  L_end_Mul_16X16_S
  _Mul_16X16_S
  L_end_Div_16x16_S_L
  _Div_16x16_S_L
  L_end_Div_16x16_S
  _Div_16x16_S
  L_end_Div_8X8_S
  _Div_8X8_S
  L_end_SDIV3232L
  _SDIV3232L
  L_end_COMFREM
  _COMFREM
  L_end_Div_32x32_S
  _Div_32x32_S
  L_end_Div_32x32_U
  _Div_32x32_U
  L_end_Mul_32x32_U
  _Mul_32x32_U
  L_end_Mul_32x32_S
  _Mul_32x32_S
  L_loopCA2AWs
  L_CA2AWend
  _CCA2AW_Loop1
  L_loopCS2Ss
  L_CS2Send
  _CCS2S_Loop1
  L_CCS2Send
  L_loopFZinSWs
  L_FZinSend
  _CC2D_Loop1
  L_end_____DoICP
  _____DoICP
  L_end_____DoIFC
  _____DoIFC
  L_end___CA2AW
  ___CA2AW
  L_end___CCA2AW
  ___CCA2AW
  L_end___CS2S
  ___CS2S
  L_end___CCS2S
  ___CCS2S
  L_end___FZinS
  ___FZinS
  L_end___CC2DW
  ___CC2DW
  L_end_Swap
  _Swap
  L_interrupt0
  L_interrupt1
  L_main2
  L_main3
  L_main4
  L_main5
  L_automatic6
  L_automatic7
  L_automatic8
  L_automatic9
  L_automatic10
  L_automatic11
  L_automatic12
  L_automatic13
  L_automatic14
  L_automatic15
  L_automatic16
  L_automatic17
  L_automatic18
  L_automatic19
  L_automatic20
  L_automatic21
  L_automatic22
  L_automatic23
  L_automatic24
  L_automatic25
  L_automatic26
  L_automatic27
  L_manual28
  L_manual29
  L_manual30
  L_manual31
  L_manual32
  L_manual33
  L_manual34
  L_manual35
  L_manual36
  L_manual37
  L_manual38
  L_manual39
  L_manual40
  L_manual41
  L_manual42
  L_manual43
  L_manual44
  L_manual45
  L_end_interrupt
  _interrupt
  L__interrupt47
  L_end_main
  _main
  L__main49
  L__main50
  L_end_automatic
  _automatic
  L__automatic52
  L__automatic53
  L__automatic54
  L__automatic55
  L__automatic56
  L__automatic57
  L__automatic58
  L__automatic59
  L__automatic60
  L__automatic61
  L__automatic62
  L__automatic63
  L__automatic64
  L__automatic65
  L_end_manual
  _manual
  L__manual67
  L__manual68
  L__manual69
  L__manual70
  L__manual71
  L__manual72
  L__manual73
  L__manual74
  L__manual75
  L__manual76
